<?xml version="1.0" encoding="UTF-8"?>
<!-- Generated by org.testng.reporters.JUnitXMLReporter -->
<testsuite hostname="LAPTOP-118G3PNT" ignored="0" name="Surefire test" tests="2" failures="0" timestamp="2023-07-03T15:27:06 IST" time="0.355" errors="0">
  <testcase name="@BeforeTest login" time="-1.688378226614E9" classname="com.ind.Test.LeadPageTest">
    <failure type="org.testng.TestNGException" message="
Parameter &amp;apos;browser&amp;apos; is required by BeforeTest on method login but has not been marked @Optional or defined
">
      <![CDATA[org.testng.TestNGException: 
Parameter 'browser' is required by BeforeTest on method login but has not been marked @Optional or defined

... Removed 26 stack frames]]>
    </failure>
  </testcase> <!-- @BeforeTest login -->
  <testcase name="@BeforeMethod setup" time="-1.688378226966E9" classname="com.ind.Test.LoginPageTest">
    <skipped/>
  </testcase> <!-- @BeforeMethod setup -->
  <testcase name="@AfterMethod tearDown" time="-1.688378226967E9" classname="com.ind.Test.LoginPageTest">
    <skipped/>
  </testcase> <!-- @AfterMethod tearDown -->
  <testcase name="createlead" time="0.0" classname="com.ind.Test.LeadPageTest">
    <skipped/>
  </testcase> <!-- createlead -->
  <testcase name="loginT" time="0.0" classname="com.ind.Test.LoginPageTest">
    <skipped/>
  </testcase> <!-- loginT -->
</testsuite> <!-- Surefire test -->
